[2023-08-03T19:51:19.193505+07:00] DudeGenuine\PHP\MVC\Service\SessionService.INFO: Session ID:  [] []
[2023-08-03T20:09:58.370738+07:00] DudeGenuine\PHP\MVC\Service\SessionService.INFO: Session ID:  [] []
[2023-08-03T20:11:44.257735+07:00] DudeGenuine\PHP\MVC\Service\SessionService.INFO: Session ID: 64cba79035ef6 [] []
[2023-08-03T20:11:44.266198+07:00] DudeGenuine\PHP\MVC\Service\SessionService.INFO: User ID: utifmd [] []
[2023-08-03T20:13:36.837595+07:00] DudeGenuine\PHP\MVC\Service\SessionService.INFO: Session ID: 64cba79035ef6 [] []
[2023-08-03T20:13:36.847923+07:00] DudeGenuine\PHP\MVC\Service\SessionService.INFO: User ID: utifmd [] []
[2023-08-03T21:10:04.904088+07:00] DudeGenuine\PHP\MVC\Service\SessionService.INFO: Session ID: 64cba79035ef6 [] []
[2023-08-03T21:10:15.347947+07:00] DudeGenuine\PHP\MVC\Service\SessionService.INFO: Session ID: 64cbb5474b691 [] []
[2023-08-03T21:10:15.358079+07:00] DudeGenuine\PHP\MVC\Service\SessionService.INFO: User ID: utifmd [] []
[2023-08-03T21:11:51.053284+07:00] DudeGenuine\PHP\MVC\Service\SessionService.INFO: Session ID:  [] []
[2023-08-03T21:26:12.276705+07:00] DudeGenuine\PHP\MVC\Service\SessionService.INFO: Session ID:  [] []
[2023-08-03T21:26:27.003517+07:00] DudeGenuine\PHP\MVC\Service\SessionService.INFO: Session ID: 64cbb912ebc90 [] []
[2023-08-03T21:26:27.014043+07:00] DudeGenuine\PHP\MVC\Service\SessionService.INFO: User ID: utifmd [] []
[2023-08-03T21:26:33.189501+07:00] DudeGenuine\PHP\MVC\Service\SessionService.INFO: Session ID: 64cbb912ebc90 [] []
[2023-08-03T21:26:33.201028+07:00] DudeGenuine\PHP\MVC\Service\SessionService.INFO: User ID: utifmd [] []
[2023-08-03T21:26:34.420888+07:00] DudeGenuine\PHP\MVC\Service\SessionService.INFO: Session ID: 64cbb912ebc90 [] []
[2023-08-03T21:26:34.429539+07:00] DudeGenuine\PHP\MVC\Service\SessionService.INFO: User ID: utifmd [] []
[2023-08-03T21:26:34.970771+07:00] DudeGenuine\PHP\MVC\Service\SessionService.INFO: Session ID: 64cbb912ebc90 [] []
[2023-08-03T21:26:34.979773+07:00] DudeGenuine\PHP\MVC\Service\SessionService.INFO: User ID: utifmd [] []
[2023-08-03T21:27:23.823385+07:00] DudeGenuine\PHP\MVC\Service\SessionService.INFO: Session ID: 64cbb912ebc90 [] []
[2023-08-03T21:27:23.839673+07:00] DudeGenuine\PHP\MVC\Service\SessionService.INFO: User ID: utifmd [] []
[2023-08-03T21:27:24.391587+07:00] DudeGenuine\PHP\MVC\Service\SessionService.INFO: Session ID: 64cbb912ebc90 [] []
[2023-08-03T21:27:24.401516+07:00] DudeGenuine\PHP\MVC\Service\SessionService.INFO: User ID: utifmd [] []
[2023-08-03T21:27:25.749135+07:00] DudeGenuine\PHP\MVC\Service\SessionService.INFO: Session ID:  [] []
[2023-08-03T21:27:28.129088+07:00] DudeGenuine\PHP\MVC\Service\SessionService.INFO: Session ID:  [] []
[2023-08-03T21:27:28.595487+07:00] DudeGenuine\PHP\MVC\Service\SessionService.INFO: Session ID:  [] []
[2023-08-03T21:57:06.681539+07:00] DudeGenuine\PHP\MVC\Service\SessionService.INFO: Session ID:  [] []
[2023-08-03T21:57:08.554887+07:00] DudeGenuine\PHP\MVC\Service\SessionService.INFO: Session ID:  [] []
[2023-08-03T21:57:13.197513+07:00] DudeGenuine\PHP\MVC\Service\SessionService.INFO: Session ID:  [] []
[2023-08-03T21:57:13.324732+07:00] DudeGenuine\PHP\MVC\Service\SessionService.INFO: Session ID: 64cbc0494522e [] []
[2023-08-03T21:57:13.335454+07:00] DudeGenuine\PHP\MVC\Service\SessionService.INFO: User ID: utifmd [] []
[2023-08-03T21:57:15.123604+07:00] DudeGenuine\PHP\MVC\Service\SessionService.INFO: Session ID: 64cbc0494522e [] []
[2023-08-03T21:57:15.132243+07:00] DudeGenuine\PHP\MVC\Service\SessionService.INFO: User ID: utifmd [] []
[2023-08-03T21:57:19.969704+07:00] DudeGenuine\PHP\MVC\Service\SessionService.INFO: Session ID: 64cbc0494522e [] []
[2023-08-03T21:57:19.984493+07:00] DudeGenuine\PHP\MVC\Service\SessionService.INFO: User ID: utifmd [] []
[2023-08-03T21:57:20.023804+07:00] DudeGenuine\PHP\MVC\Service\SessionService.INFO: Session ID: 64cbc0494522e [] []
[2023-08-03T21:57:20.037097+07:00] DudeGenuine\PHP\MVC\Service\SessionService.INFO: User ID: utifmd [] []
[2023-08-03T21:57:29.153012+07:00] DudeGenuine\PHP\MVC\Service\SessionService.INFO: Session ID: 64cbc0494522e [] []
[2023-08-03T21:57:29.161249+07:00] DudeGenuine\PHP\MVC\Service\SessionService.INFO: User ID: utifmd [] []
[2023-08-03T21:57:29.203311+07:00] DudeGenuine\PHP\MVC\Service\SessionService.INFO: Session ID: 64cbc0494522e [] []
[2023-08-03T21:57:29.213115+07:00] DudeGenuine\PHP\MVC\Service\SessionService.INFO: User ID: utifmd [] []
[2023-08-03T21:57:33.944756+07:00] DudeGenuine\PHP\MVC\Service\SessionService.INFO: Session ID: 64cbc0494522e [] []
[2023-08-03T21:57:33.957635+07:00] DudeGenuine\PHP\MVC\Service\SessionService.INFO: User ID: utifmd [] []
[2023-08-03T21:57:33.999452+07:00] DudeGenuine\PHP\MVC\Service\SessionService.INFO: Session ID:  [] []
[2023-08-03T21:57:38.355136+07:00] DudeGenuine\PHP\MVC\Service\SessionService.INFO: Session ID:  [] []
[2023-08-03T21:57:41.169023+07:00] DudeGenuine\PHP\MVC\Service\SessionService.INFO: Session ID:  [] []
[2023-08-03T21:57:43.714531+07:00] DudeGenuine\PHP\MVC\Service\SessionService.INFO: Session ID:  [] []
[2023-08-03T21:57:45.801964+07:00] DudeGenuine\PHP\MVC\Service\SessionService.INFO: Session ID:  [] []
[2023-08-03T21:57:48.612284+07:00] DudeGenuine\PHP\MVC\Service\SessionService.INFO: Session ID:  [] []
[2023-08-03T21:57:54.095994+07:00] DudeGenuine\PHP\MVC\Service\SessionService.INFO: Session ID:  [] []
[2023-08-04T10:37:29.594429+07:00] DudeGenuine\PHP\MVC\Service\SessionService.INFO: Session ID:  [] []
[2023-08-04T10:38:05.352009+07:00] DudeGenuine\PHP\MVC\Service\SessionService.INFO: Session ID:  [] []
[2023-08-04T10:38:10.885432+07:00] DudeGenuine\PHP\MVC\Service\SessionService.INFO: Session ID:  [] []
[2023-08-04T10:38:11.021407+07:00] DudeGenuine\PHP\MVC\Service\SessionService.INFO: Session ID: 64cc72a2ee158 [] []
[2023-08-04T10:38:11.030700+07:00] DudeGenuine\PHP\MVC\Service\SessionService.INFO: User ID: utifmd [] []
[2023-08-04T10:38:13.971968+07:00] DudeGenuine\PHP\MVC\Service\SessionService.INFO: Session ID: 64cc72a2ee158 [] []
[2023-08-04T10:38:13.981502+07:00] DudeGenuine\PHP\MVC\Service\SessionService.INFO: User ID: utifmd [] []
[2023-08-04T10:38:15.293248+07:00] DudeGenuine\PHP\MVC\Service\SessionService.INFO: Session ID: 64cc72a2ee158 [] []
[2023-08-04T10:38:15.306761+07:00] DudeGenuine\PHP\MVC\Service\SessionService.INFO: User ID: utifmd [] []
[2023-08-04T10:42:40.883897+07:00] DudeGenuine\PHP\MVC\Service\SessionService.INFO: Session ID: 64cc72a2ee158 [] []
[2023-08-04T10:42:40.897528+07:00] DudeGenuine\PHP\MVC\Service\SessionService.INFO: User ID: utifmd [] []
[2023-08-04T10:42:41.961952+07:00] DudeGenuine\PHP\MVC\Service\SessionService.INFO: Session ID: 64cc72a2ee158 [] []
[2023-08-04T10:42:41.975520+07:00] DudeGenuine\PHP\MVC\Service\SessionService.INFO: User ID: utifmd [] []
[2023-08-04T10:42:41.977060+07:00] DudeGenuine\PHP\MVC\Service\SessionService.INFO: Session ID: 64cc72a2ee158 [] []
[2023-08-04T10:42:41.989468+07:00] DudeGenuine\PHP\MVC\Service\SessionService.INFO: User ID: utifmd [] []
[2023-08-04T10:43:51.662640+07:00] DudeGenuine\PHP\MVC\Service\SessionService.INFO: Session ID: 64cc72a2ee158 [] []
[2023-08-04T10:43:51.674538+07:00] DudeGenuine\PHP\MVC\Service\SessionService.INFO: User ID: utifmd [] []
[2023-08-04T10:43:51.674972+07:00] DudeGenuine\PHP\MVC\Service\SessionService.INFO: Session ID: 64cc72a2ee158 [] []
[2023-08-04T10:43:51.683523+07:00] DudeGenuine\PHP\MVC\Service\SessionService.INFO: User ID: utifmd [] []
[2023-08-04T11:43:42.695965+07:00] DudeGenuine\PHP\MVC\Service\SessionService.INFO: Session ID:  [] []
[2023-08-04T11:43:48.928253+07:00] DudeGenuine\PHP\MVC\Service\SessionService.INFO: Session ID:  [] []
[2023-08-04T11:43:53.561982+07:00] DudeGenuine\PHP\MVC\Service\SessionService.INFO: Session ID:  [] []
[2023-08-04T11:43:58.528402+07:00] DudeGenuine\PHP\MVC\Service\SessionService.INFO: Session ID:  [] []
[2023-08-04T11:43:58.663500+07:00] DudeGenuine\PHP\MVC\Service\SessionService.INFO: Session ID: 64cc820e9860d [] []
[2023-08-04T11:43:58.674033+07:00] DudeGenuine\PHP\MVC\Service\SessionService.INFO: User ID: utifmd [] []
[2023-08-04T11:44:00.473537+07:00] DudeGenuine\PHP\MVC\Service\SessionService.INFO: Session ID: 64cc820e9860d [] []
[2023-08-04T11:44:00.482494+07:00] DudeGenuine\PHP\MVC\Service\SessionService.INFO: User ID: utifmd [] []
[2023-08-04T11:44:02.238563+07:00] DudeGenuine\PHP\MVC\Service\SessionService.INFO: Session ID: 64cc820e9860d [] []
[2023-08-04T11:44:02.250862+07:00] DudeGenuine\PHP\MVC\Service\SessionService.INFO: User ID: utifmd [] []
[2023-08-04T11:44:02.251274+07:00] DudeGenuine\PHP\MVC\Service\SessionService.INFO: Session ID: 64cc820e9860d [] []
[2023-08-04T11:44:02.258937+07:00] DudeGenuine\PHP\MVC\Service\SessionService.INFO: User ID: utifmd [] []
[2023-08-04T11:44:13.303572+07:00] DudeGenuine\PHP\MVC\Service\SessionService.INFO: Session ID: 64cc820e9860d [] []
[2023-08-04T11:44:13.317582+07:00] DudeGenuine\PHP\MVC\Service\SessionService.INFO: User ID: utifmd [] []
[2023-08-04T11:53:52.745635+07:00] DudeGenuine\PHP\MVC\Service\SessionService.INFO: Session ID: 64cc820e9860d [] []
[2023-08-04T11:53:52.768143+07:00] DudeGenuine\PHP\MVC\Service\SessionService.INFO: User ID: utifmd [] []
[2023-08-04T11:53:55.539727+07:00] DudeGenuine\PHP\MVC\Service\SessionService.INFO: Session ID: 64cc820e9860d [] []
[2023-08-04T11:53:55.548843+07:00] DudeGenuine\PHP\MVC\Service\SessionService.INFO: User ID: utifmd [] []
[2023-08-04T11:53:56.598116+07:00] DudeGenuine\PHP\MVC\Service\SessionService.INFO: Session ID: 64cc820e9860d [] []
[2023-08-04T11:53:56.610160+07:00] DudeGenuine\PHP\MVC\Service\SessionService.INFO: User ID: utifmd [] []
[2023-08-04T11:53:56.611380+07:00] DudeGenuine\PHP\MVC\Service\SessionService.INFO: Session ID: 64cc820e9860d [] []
[2023-08-04T11:53:56.618155+07:00] DudeGenuine\PHP\MVC\Service\SessionService.INFO: User ID: utifmd [] []
[2023-08-04T11:54:04.928339+07:00] DudeGenuine\PHP\MVC\Service\SessionService.INFO: Session ID: 64cc820e9860d [] []
[2023-08-04T11:54:04.936284+07:00] DudeGenuine\PHP\MVC\Service\SessionService.INFO: User ID: utifmd [] []
[2023-08-04T11:54:35.975491+07:00] DudeGenuine\PHP\MVC\Service\SessionService.INFO: Session ID: 64cc820e9860d [] []
[2023-08-04T11:54:35.987438+07:00] DudeGenuine\PHP\MVC\Service\SessionService.INFO: User ID: utifmd [] []
[2023-08-04T11:54:35.987720+07:00] DudeGenuine\PHP\MVC\Service\SessionService.INFO: Session ID: 64cc820e9860d [] []
[2023-08-04T11:54:35.994676+07:00] DudeGenuine\PHP\MVC\Service\SessionService.INFO: User ID: utifmd [] []
[2023-08-04T11:59:33.453049+07:00] DudeGenuine\PHP\MVC\Service\SessionService.INFO: Session ID: 64cc820e9860d [] []
[2023-08-04T11:59:33.492213+07:00] DudeGenuine\PHP\MVC\Service\SessionService.INFO: User ID: utifmd [] []
[2023-08-04T11:59:39.294473+07:00] DudeGenuine\PHP\MVC\Service\SessionService.INFO: Session ID: 64cc820e9860d [] []
[2023-08-04T11:59:39.302999+07:00] DudeGenuine\PHP\MVC\Service\SessionService.INFO: User ID: utifmd [] []
[2023-08-04T11:59:39.303884+07:00] DudeGenuine\PHP\MVC\Service\SessionService.INFO: Session ID: 64cc820e9860d [] []
[2023-08-04T11:59:39.313731+07:00] DudeGenuine\PHP\MVC\Service\SessionService.INFO: User ID: utifmd [] []
[2023-08-04T11:59:48.570166+07:00] DudeGenuine\PHP\MVC\Service\SessionService.INFO: Session ID: 64cc820e9860d [] []
[2023-08-04T11:59:48.583445+07:00] DudeGenuine\PHP\MVC\Service\SessionService.INFO: User ID: utifmd [] []
[2023-08-04T12:04:22.554437+07:00] DudeGenuine\PHP\MVC\Service\SessionService.INFO: Session ID: 64cc820e9860d [] []
[2023-08-04T12:04:22.564972+07:00] DudeGenuine\PHP\MVC\Service\SessionService.INFO: User ID: utifmd [] []
[2023-08-04T12:04:22.565756+07:00] DudeGenuine\PHP\MVC\Service\SessionService.INFO: Session ID: 64cc820e9860d [] []
[2023-08-04T12:04:22.574220+07:00] DudeGenuine\PHP\MVC\Service\SessionService.INFO: User ID: utifmd [] []
[2023-08-04T12:04:27.155084+07:00] DudeGenuine\PHP\MVC\Service\SessionService.INFO: Session ID: 64cc820e9860d [] []
[2023-08-04T12:04:27.167205+07:00] DudeGenuine\PHP\MVC\Service\SessionService.INFO: User ID: utifmd [] []
[2023-08-04T12:04:28.870798+07:00] DudeGenuine\PHP\MVC\Service\SessionService.INFO: Session ID: 64cc820e9860d [] []
[2023-08-04T12:04:28.882553+07:00] DudeGenuine\PHP\MVC\Service\SessionService.INFO: User ID: utifmd [] []
[2023-08-04T12:04:28.882854+07:00] DudeGenuine\PHP\MVC\Service\SessionService.INFO: Session ID: 64cc820e9860d [] []
[2023-08-04T12:04:28.888603+07:00] DudeGenuine\PHP\MVC\Service\SessionService.INFO: User ID: utifmd [] []
[2023-08-04T12:04:34.072532+07:00] DudeGenuine\PHP\MVC\Service\SessionService.INFO: Session ID: 64cc820e9860d [] []
[2023-08-04T12:04:34.085666+07:00] DudeGenuine\PHP\MVC\Service\SessionService.INFO: User ID: utifmd [] []
[2023-08-04T12:04:34.085986+07:00] DudeGenuine\PHP\MVC\Service\SessionService.INFO: Session ID: 64cc820e9860d [] []
[2023-08-04T12:04:34.094615+07:00] DudeGenuine\PHP\MVC\Service\SessionService.INFO: User ID: utifmd [] []
[2023-08-04T12:04:34.237763+07:00] DudeGenuine\PHP\MVC\Service\SessionService.INFO: Session ID: 64cc820e9860d [] []
[2023-08-04T12:04:34.248026+07:00] DudeGenuine\PHP\MVC\Service\SessionService.INFO: User ID: utifmd [] []
[2023-08-04T12:04:42.772258+07:00] DudeGenuine\PHP\MVC\Service\SessionService.INFO: Session ID: 64cc820e9860d [] []
[2023-08-04T12:04:42.785199+07:00] DudeGenuine\PHP\MVC\Service\SessionService.INFO: User ID: utifmd [] []
[2023-08-04T12:04:42.785598+07:00] DudeGenuine\PHP\MVC\Service\SessionService.INFO: Session ID: 64cc820e9860d [] []
[2023-08-04T12:04:42.795038+07:00] DudeGenuine\PHP\MVC\Service\SessionService.INFO: User ID: utifmd [] []
[2023-08-04T12:05:18.969967+07:00] DudeGenuine\PHP\MVC\Service\SessionService.INFO: Session ID: 64cc820e9860d [] []
[2023-08-04T12:05:18.984086+07:00] DudeGenuine\PHP\MVC\Service\SessionService.INFO: User ID: utifmd [] []
[2023-08-04T12:05:18.984459+07:00] DudeGenuine\PHP\MVC\Service\SessionService.INFO: Session ID: 64cc820e9860d [] []
[2023-08-04T12:05:18.992244+07:00] DudeGenuine\PHP\MVC\Service\SessionService.INFO: User ID: utifmd [] []
[2023-08-04T12:05:19.108625+07:00] DudeGenuine\PHP\MVC\Service\SessionService.INFO: Session ID: 64cc820e9860d [] []
[2023-08-04T12:05:19.119932+07:00] DudeGenuine\PHP\MVC\Service\SessionService.INFO: User ID: utifmd [] []
[2023-08-04T12:05:21.459330+07:00] DudeGenuine\PHP\MVC\Service\SessionService.INFO: Session ID: 64cc820e9860d [] []
[2023-08-04T12:05:21.468801+07:00] DudeGenuine\PHP\MVC\Service\SessionService.INFO: User ID: utifmd [] []
[2023-08-04T14:05:53.390810+07:00] DudeGenuine\PHP\MVC\Service\SessionService.INFO: Session ID:  [] []
[2023-08-04T14:05:56.623361+07:00] DudeGenuine\PHP\MVC\Service\SessionService.INFO: Session ID:  [] []
[2023-08-04T14:10:00.498085+07:00] DudeGenuine\PHP\MVC\Service\SessionService.INFO: Session ID:  [] []
[2023-08-04T14:10:01.806157+07:00] DudeGenuine\PHP\MVC\Service\SessionService.INFO: Session ID:  [] []
[2023-08-04T14:10:07.296693+07:00] DudeGenuine\PHP\MVC\Service\SessionService.INFO: Session ID:  [] []
[2023-08-04T14:10:07.428666+07:00] DudeGenuine\PHP\MVC\Service\SessionService.INFO: Session ID: 64cca44f5dd35 [] []
[2023-08-04T14:10:07.438278+07:00] DudeGenuine\PHP\MVC\Service\SessionService.INFO: User ID: utifmd [] []
[2023-08-04T14:10:10.281961+07:00] DudeGenuine\PHP\MVC\Service\SessionService.INFO: Session ID: 64cca44f5dd35 [] []
[2023-08-04T14:10:10.295467+07:00] DudeGenuine\PHP\MVC\Service\SessionService.INFO: User ID: utifmd [] []
[2023-08-04T14:10:10.295745+07:00] DudeGenuine\PHP\MVC\Service\SessionService.INFO: Session ID: 64cca44f5dd35 [] []
[2023-08-04T14:10:10.304717+07:00] DudeGenuine\PHP\MVC\Service\SessionService.INFO: User ID: utifmd [] []
[2023-08-04T14:23:43.177496+07:00] DudeGenuine\PHP\MVC\Service\SessionService.INFO: Session ID: 64cca44f5dd35 [] []
[2023-08-04T14:23:45.309791+07:00] DudeGenuine\PHP\MVC\Service\SessionService.INFO: Session ID: 64cca44f5dd35 [] []
[2023-08-04T14:23:50.510853+07:00] DudeGenuine\PHP\MVC\Service\SessionService.INFO: Session ID: 64cca44f5dd35 [] []
[2023-08-04T14:23:50.716623+07:00] DudeGenuine\PHP\MVC\Service\SessionService.INFO: Session ID: 64cca786a503c [] []
[2023-08-04T14:23:50.727208+07:00] DudeGenuine\PHP\MVC\Service\SessionService.INFO: User ID: utifmd [] []
[2023-08-04T14:23:52.736734+07:00] DudeGenuine\PHP\MVC\Service\SessionService.INFO: Session ID: 64cca786a503c [] []
[2023-08-04T14:23:52.746039+07:00] DudeGenuine\PHP\MVC\Service\SessionService.INFO: User ID: utifmd [] []
[2023-08-04T14:23:56.556955+07:00] DudeGenuine\PHP\MVC\Service\SessionService.INFO: Session ID: 64cca786a503c [] []
[2023-08-04T14:23:56.566724+07:00] DudeGenuine\PHP\MVC\Service\SessionService.INFO: User ID: utifmd [] []
[2023-08-04T14:23:56.568123+07:00] DudeGenuine\PHP\MVC\Service\SessionService.INFO: Session ID: 64cca786a503c [] []
[2023-08-04T14:23:56.577071+07:00] DudeGenuine\PHP\MVC\Service\SessionService.INFO: User ID: utifmd [] []
[2023-08-04T14:23:58.868427+07:00] DudeGenuine\PHP\MVC\Service\SessionService.INFO: Session ID: 64cca786a503c [] []
[2023-08-04T14:23:58.879322+07:00] DudeGenuine\PHP\MVC\Service\SessionService.INFO: User ID: utifmd [] []
[2023-08-04T14:23:58.879600+07:00] DudeGenuine\PHP\MVC\Service\SessionService.INFO: Session ID: 64cca786a503c [] []
[2023-08-04T14:23:58.887971+07:00] DudeGenuine\PHP\MVC\Service\SessionService.INFO: User ID: utifmd [] []
[2023-08-04T14:24:06.960502+07:00] DudeGenuine\PHP\MVC\Service\SessionService.INFO: Session ID: 64cca786a503c [] []
[2023-08-04T14:24:06.971667+07:00] DudeGenuine\PHP\MVC\Service\SessionService.INFO: User ID: utifmd [] []
[2023-08-04T14:24:06.971967+07:00] DudeGenuine\PHP\MVC\Service\SessionService.INFO: Session ID: 64cca786a503c [] []
[2023-08-04T14:24:06.979786+07:00] DudeGenuine\PHP\MVC\Service\SessionService.INFO: User ID: utifmd [] []
[2023-08-04T14:24:07.107900+07:00] DudeGenuine\PHP\MVC\Service\SessionService.INFO: Session ID: 64cca786a503c [] []
[2023-08-04T14:24:07.118650+07:00] DudeGenuine\PHP\MVC\Service\SessionService.INFO: User ID: utifmd [] []
[2023-08-04T14:24:09.421768+07:00] DudeGenuine\PHP\MVC\Service\SessionService.INFO: Session ID: 64cca786a503c [] []
[2023-08-04T14:24:09.436372+07:00] DudeGenuine\PHP\MVC\Service\SessionService.INFO: User ID: utifmd [] []
[2023-08-04T14:24:09.436705+07:00] DudeGenuine\PHP\MVC\Service\SessionService.INFO: Session ID: 64cca786a503c [] []
[2023-08-04T14:24:09.444837+07:00] DudeGenuine\PHP\MVC\Service\SessionService.INFO: User ID: utifmd [] []
[2023-08-04T14:34:10.519451+07:00] DudeGenuine\PHP\MVC\Service\SessionService.INFO: Session ID: 64cca786a503c [] []
[2023-08-04T14:34:10.563699+07:00] DudeGenuine\PHP\MVC\Service\SessionService.INFO: Session ID: 64cca786a503c [] []
[2023-08-04T14:34:15.354619+07:00] DudeGenuine\PHP\MVC\Service\SessionService.INFO: Session ID: 64cca786a503c [] []
[2023-08-04T14:34:15.495168+07:00] DudeGenuine\PHP\MVC\Service\SessionService.INFO: Session ID: 64cca9f76b40c [] []
[2023-08-04T14:34:15.505853+07:00] DudeGenuine\PHP\MVC\Service\SessionService.INFO: User ID: utifmd [] []
[2023-08-04T14:34:17.492556+07:00] DudeGenuine\PHP\MVC\Service\SessionService.INFO: Session ID: 64cca9f76b40c [] []
[2023-08-04T14:34:17.505844+07:00] DudeGenuine\PHP\MVC\Service\SessionService.INFO: User ID: utifmd [] []
[2023-08-04T14:34:17.506198+07:00] DudeGenuine\PHP\MVC\Service\SessionService.INFO: Session ID: 64cca9f76b40c [] []
[2023-08-04T14:34:17.514855+07:00] DudeGenuine\PHP\MVC\Service\SessionService.INFO: User ID: utifmd [] []
[2023-08-04T14:34:19.547851+07:00] DudeGenuine\PHP\MVC\Service\SessionService.INFO: Session ID: 64cca9f76b40c [] []
[2023-08-04T14:34:19.557796+07:00] DudeGenuine\PHP\MVC\Service\SessionService.INFO: User ID: utifmd [] []
[2023-08-04T14:34:19.558050+07:00] DudeGenuine\PHP\MVC\Service\SessionService.INFO: Session ID: 64cca9f76b40c [] []
[2023-08-04T14:34:19.564794+07:00] DudeGenuine\PHP\MVC\Service\SessionService.INFO: User ID: utifmd [] []
[2023-08-04T15:30:54.117122+07:00] DudeGenuine\PHP\MVC\Service\SessionService.INFO: Session ID: 64cca9f76b40c [] []
[2023-08-04T15:30:57.129332+07:00] DudeGenuine\PHP\MVC\Service\SessionService.INFO: Session ID: 64cca9f76b40c [] []
[2023-08-04T15:31:03.493508+07:00] DudeGenuine\PHP\MVC\Service\SessionService.INFO: Session ID: 64cca9f76b40c [] []
[2023-08-04T15:31:07.026959+07:00] DudeGenuine\PHP\MVC\Service\SessionService.INFO: Session ID: 64cca9f76b40c [] []
[2023-08-04T15:31:15.632698+07:00] DudeGenuine\PHP\MVC\Service\SessionService.INFO: Session ID: 64cca9f76b40c [] []
[2023-08-04T15:31:19.806843+07:00] DudeGenuine\PHP\MVC\Service\SessionService.INFO: Session ID: 64cca9f76b40c [] []
[2023-08-04T15:31:22.360348+07:00] DudeGenuine\PHP\MVC\Service\SessionService.INFO: Session ID: 64cca9f76b40c [] []
[2023-08-04T15:31:34.783401+07:00] DudeGenuine\PHP\MVC\Service\SessionService.INFO: Session ID: 64cca9f76b40c [] []
[2023-08-04T15:31:34.944632+07:00] DudeGenuine\PHP\MVC\Service\SessionService.INFO: Session ID: 64cca9f76b40c [] []
[2023-08-04T15:31:50.014359+07:00] DudeGenuine\PHP\MVC\Service\SessionService.INFO: Session ID: 64cca9f76b40c [] []
[2023-08-04T15:31:50.170951+07:00] DudeGenuine\PHP\MVC\Service\SessionService.INFO: Session ID: 64ccb7761cff5 [] []
[2023-08-04T15:31:50.180966+07:00] DudeGenuine\PHP\MVC\Service\SessionService.INFO: User ID: soekarno [] []
[2023-08-04T15:32:04.156810+07:00] DudeGenuine\PHP\MVC\Service\SessionService.INFO: Session ID: 64ccb7761cff5 [] []
[2023-08-04T15:32:04.166370+07:00] DudeGenuine\PHP\MVC\Service\SessionService.INFO: User ID: soekarno [] []
[2023-08-04T15:32:17.089412+07:00] DudeGenuine\PHP\MVC\Service\SessionService.INFO: Session ID: 64ccb7761cff5 [] []
[2023-08-04T15:32:17.103529+07:00] DudeGenuine\PHP\MVC\Service\SessionService.INFO: User ID: soekarno [] []
[2023-08-04T15:32:20.268567+07:00] DudeGenuine\PHP\MVC\Service\SessionService.INFO: Session ID: 64ccb7761cff5 [] []
[2023-08-04T15:32:20.289298+07:00] DudeGenuine\PHP\MVC\Service\SessionService.INFO: User ID: soekarno [] []
[2023-08-04T15:32:20.289578+07:00] DudeGenuine\PHP\MVC\Service\SessionService.INFO: Session ID: 64ccb7761cff5 [] []
[2023-08-04T15:32:20.299231+07:00] DudeGenuine\PHP\MVC\Service\SessionService.INFO: User ID: soekarno [] []
[2023-08-04T15:32:26.493412+07:00] DudeGenuine\PHP\MVC\Service\SessionService.INFO: Session ID: 64ccb7761cff5 [] []
[2023-08-04T15:32:26.511073+07:00] DudeGenuine\PHP\MVC\Service\SessionService.INFO: User ID: soekarno [] []
[2023-08-04T15:32:26.511519+07:00] DudeGenuine\PHP\MVC\Service\SessionService.INFO: Session ID: 64ccb7761cff5 [] []
[2023-08-04T15:32:26.527307+07:00] DudeGenuine\PHP\MVC\Service\SessionService.INFO: User ID: soekarno [] []
[2023-08-04T15:32:29.788202+07:00] DudeGenuine\PHP\MVC\Service\SessionService.INFO: Session ID: 64ccb7761cff5 [] []
[2023-08-04T15:32:29.799599+07:00] DudeGenuine\PHP\MVC\Service\SessionService.INFO: User ID: soekarno [] []
[2023-08-04T15:32:29.799924+07:00] DudeGenuine\PHP\MVC\Service\SessionService.INFO: Session ID: 64ccb7761cff5 [] []
[2023-08-04T15:32:29.807063+07:00] DudeGenuine\PHP\MVC\Service\SessionService.INFO: User ID: soekarno [] []
[2023-08-04T15:32:33.178974+07:00] DudeGenuine\PHP\MVC\Service\SessionService.INFO: Session ID: 64ccb7761cff5 [] []
[2023-08-04T15:32:33.193175+07:00] DudeGenuine\PHP\MVC\Service\SessionService.INFO: User ID: soekarno [] []
[2023-08-04T15:32:33.193457+07:00] DudeGenuine\PHP\MVC\Service\SessionService.INFO: Session ID: 64ccb7761cff5 [] []
[2023-08-04T15:32:33.203637+07:00] DudeGenuine\PHP\MVC\Service\SessionService.INFO: User ID: soekarno [] []
[2023-08-04T15:32:37.324137+07:00] DudeGenuine\PHP\MVC\Service\SessionService.INFO: Session ID: 64ccb7761cff5 [] []
[2023-08-04T15:32:37.332608+07:00] DudeGenuine\PHP\MVC\Service\SessionService.INFO: User ID: soekarno [] []
[2023-08-04T15:32:37.332913+07:00] DudeGenuine\PHP\MVC\Service\SessionService.INFO: Session ID: 64ccb7761cff5 [] []
[2023-08-04T15:32:37.340634+07:00] DudeGenuine\PHP\MVC\Service\SessionService.INFO: User ID: soekarno [] []
[2023-08-04T15:32:37.459971+07:00] DudeGenuine\PHP\MVC\Service\SessionService.INFO: Session ID: 64ccb7761cff5 [] []
[2023-08-04T15:32:37.468850+07:00] DudeGenuine\PHP\MVC\Service\SessionService.INFO: User ID: soekarno [] []
[2023-08-04T15:44:30.319117+07:00] DudeGenuine\PHP\MVC\Service\SessionService.INFO: Session ID: 64ccb7761cff5 [] []
[2023-08-04T15:44:30.333248+07:00] DudeGenuine\PHP\MVC\Service\SessionService.INFO: User ID: soekarno [] []
[2023-08-04T15:44:30.367366+07:00] DudeGenuine\PHP\MVC\Service\SessionService.INFO: Session ID: 64ccb7761cff5 [] []
[2023-08-04T15:44:30.379419+07:00] DudeGenuine\PHP\MVC\Service\SessionService.INFO: User ID: soekarno [] []
[2023-08-04T15:44:47.373435+07:00] DudeGenuine\PHP\MVC\Service\SessionService.INFO: Session ID: 64ccb7761cff5 [] []
[2023-08-04T15:44:47.387034+07:00] DudeGenuine\PHP\MVC\Service\SessionService.INFO: User ID: soekarno [] []
[2023-08-04T15:44:50.294619+07:00] DudeGenuine\PHP\MVC\Service\SessionService.INFO: Session ID: 64ccb7761cff5 [] []
[2023-08-04T15:44:50.304262+07:00] DudeGenuine\PHP\MVC\Service\SessionService.INFO: User ID: soekarno [] []
[2023-08-04T15:44:50.347025+07:00] DudeGenuine\PHP\MVC\Service\SessionService.INFO: Session ID: 64ccb7761cff5 [] []
[2023-08-04T15:44:50.363304+07:00] DudeGenuine\PHP\MVC\Service\SessionService.INFO: User ID: soekarno [] []
[2023-08-04T15:44:51.474674+07:00] DudeGenuine\PHP\MVC\Service\SessionService.INFO: Session ID: 64ccb7761cff5 [] []
[2023-08-04T15:44:51.485787+07:00] DudeGenuine\PHP\MVC\Service\SessionService.INFO: User ID: soekarno [] []
[2023-08-04T15:44:51.531625+07:00] DudeGenuine\PHP\MVC\Service\SessionService.INFO: Session ID: 64ccb7761cff5 [] []
[2023-08-04T15:44:51.545020+07:00] DudeGenuine\PHP\MVC\Service\SessionService.INFO: User ID: soekarno [] []
[2023-08-04T15:45:55.342904+07:00] DudeGenuine\PHP\MVC\Service\SessionService.INFO: Session ID: 64ccb7761cff5 [] []
[2023-08-04T15:45:55.356780+07:00] DudeGenuine\PHP\MVC\Service\SessionService.INFO: User ID: soekarno [] []
[2023-08-04T15:45:56.393819+07:00] DudeGenuine\PHP\MVC\Service\SessionService.INFO: Session ID: 64ccb7761cff5 [] []
[2023-08-04T15:45:56.409804+07:00] DudeGenuine\PHP\MVC\Service\SessionService.INFO: User ID: soekarno [] []
[2023-08-04T15:45:56.411084+07:00] DudeGenuine\PHP\MVC\Service\SessionService.INFO: Session ID: 64ccb7761cff5 [] []
[2023-08-04T15:45:56.423643+07:00] DudeGenuine\PHP\MVC\Service\SessionService.INFO: User ID: soekarno [] []
[2023-08-04T15:47:13.011998+07:00] DudeGenuine\PHP\MVC\Service\SessionService.INFO: Session ID: 64ccb7761cff5 [] []
[2023-08-04T15:47:13.025637+07:00] DudeGenuine\PHP\MVC\Service\SessionService.INFO: User ID: soekarno [] []
[2023-08-04T15:47:13.026034+07:00] DudeGenuine\PHP\MVC\Service\SessionService.INFO: Session ID: 64ccb7761cff5 [] []
[2023-08-04T15:47:13.035071+07:00] DudeGenuine\PHP\MVC\Service\SessionService.INFO: User ID: soekarno [] []
[2023-08-04T16:05:10.614412+07:00] DudeGenuine\PHP\MVC\Service\SessionService.INFO: Session ID: 64ccb7761cff5 [] []
[2023-08-04T16:05:12.600849+07:00] DudeGenuine\PHP\MVC\Service\SessionService.INFO: Session ID: 64ccb7761cff5 [] []
[2023-08-04T16:05:13.247392+07:00] DudeGenuine\PHP\MVC\Service\SessionService.INFO: Session ID: 64ccb7761cff5 [] []
[2023-08-04T16:05:17.369153+07:00] DudeGenuine\PHP\MVC\Service\SessionService.INFO: Session ID: 64ccb7761cff5 [] []
[2023-08-04T16:05:17.418088+07:00] DudeGenuine\PHP\MVC\Service\SessionService.INFO: Session ID: 64ccb7761cff5 [] []
[2023-08-04T16:05:24.282687+07:00] DudeGenuine\PHP\MVC\Service\SessionService.INFO: Session ID: 64ccb7761cff5 [] []
[2023-08-04T16:05:24.318447+07:00] DudeGenuine\PHP\MVC\Service\SessionService.INFO: Session ID: 64ccb7761cff5 [] []
[2023-08-04T16:05:29.267238+07:00] DudeGenuine\PHP\MVC\Service\SessionService.INFO: Session ID: 64ccb7761cff5 [] []
[2023-08-04T16:05:30.320197+07:00] DudeGenuine\PHP\MVC\Service\SessionService.INFO: Session ID: 64ccb7761cff5 [] []
[2023-08-04T16:05:35.753762+07:00] DudeGenuine\PHP\MVC\Service\SessionService.INFO: Session ID: 64ccb7761cff5 [] []
[2023-08-04T16:05:38.660678+07:00] DudeGenuine\PHP\MVC\Service\SessionService.INFO: Session ID: 64ccb7761cff5 [] []
[2023-08-04T16:05:43.864529+07:00] DudeGenuine\PHP\MVC\Service\SessionService.INFO: Session ID: 64ccb7761cff5 [] []
[2023-08-04T16:05:47.580800+07:00] DudeGenuine\PHP\MVC\Service\SessionService.INFO: Session ID: 64ccb7761cff5 [] []
[2023-08-04T16:05:47.616414+07:00] DudeGenuine\PHP\MVC\Service\SessionService.INFO: Session ID: 64ccb7761cff5 [] []
[2023-08-04T16:06:25.496657+07:00] DudeGenuine\PHP\MVC\Service\SessionService.INFO: Session ID: 64ccb7761cff5 [] []
[2023-08-04T16:06:27.882419+07:00] DudeGenuine\PHP\MVC\Service\SessionService.INFO: Session ID: 64ccb7761cff5 [] []
[2023-08-04T16:06:30.785416+07:00] DudeGenuine\PHP\MVC\Service\SessionService.INFO: Session ID: 64ccb7761cff5 [] []
[2023-08-04T16:06:34.041785+07:00] DudeGenuine\PHP\MVC\Service\SessionService.INFO: Session ID: 64ccb7761cff5 [] []
[2023-08-04T16:06:34.178321+07:00] DudeGenuine\PHP\MVC\Service\SessionService.INFO: Session ID: 64ccbf9a22a54 [] []
[2023-08-04T16:06:34.185461+07:00] DudeGenuine\PHP\MVC\Service\SessionService.INFO: User ID: utifmd [] []
[2023-08-04T16:06:37.552415+07:00] DudeGenuine\PHP\MVC\Service\SessionService.INFO: Session ID: 64ccbf9a22a54 [] []
[2023-08-04T16:06:37.565113+07:00] DudeGenuine\PHP\MVC\Service\SessionService.INFO: User ID: utifmd [] []
[2023-08-04T16:06:37.565400+07:00] DudeGenuine\PHP\MVC\Service\SessionService.INFO: Session ID: 64ccbf9a22a54 [] []
[2023-08-04T16:06:37.575725+07:00] DudeGenuine\PHP\MVC\Service\SessionService.INFO: User ID: utifmd [] []
[2023-08-04T16:09:14.978525+07:00] DudeGenuine\PHP\MVC\Service\SessionService.INFO: Session ID: 64ccbf9a22a54 [] []
[2023-08-04T16:09:14.988020+07:00] DudeGenuine\PHP\MVC\Service\SessionService.INFO: User ID: utifmd [] []
[2023-08-04T16:09:14.988362+07:00] DudeGenuine\PHP\MVC\Service\SessionService.INFO: Session ID: 64ccbf9a22a54 [] []
[2023-08-04T16:09:14.994563+07:00] DudeGenuine\PHP\MVC\Service\SessionService.INFO: User ID: utifmd [] []
[2023-08-04T16:24:24.072486+07:00] DudeGenuine\PHP\MVC\Service\SessionService.INFO: Session ID: 64ccbf9a22a54 [] []
[2023-08-04T16:24:24.083764+07:00] DudeGenuine\PHP\MVC\Service\SessionService.INFO: User ID: utifmd [] []
[2023-08-04T16:24:24.084121+07:00] DudeGenuine\PHP\MVC\Service\SessionService.INFO: Session ID: 64ccbf9a22a54 [] []
[2023-08-04T16:24:24.091237+07:00] DudeGenuine\PHP\MVC\Service\SessionService.INFO: User ID: utifmd [] []
[2023-08-04T16:24:29.306846+07:00] DudeGenuine\PHP\MVC\Service\SessionService.INFO: Session ID: 64ccbf9a22a54 [] []
[2023-08-04T16:24:29.316716+07:00] DudeGenuine\PHP\MVC\Service\SessionService.INFO: User ID: utifmd [] []
[2023-08-04T16:24:29.316990+07:00] DudeGenuine\PHP\MVC\Service\SessionService.INFO: Session ID: 64ccbf9a22a54 [] []
[2023-08-04T16:24:29.323430+07:00] DudeGenuine\PHP\MVC\Service\SessionService.INFO: User ID: utifmd [] []
[2023-08-04T16:27:40.270478+07:00] DudeGenuine\PHP\MVC\Service\SessionService.INFO: Session ID: 64ccbf9a22a54 [] []
[2023-08-04T16:27:40.308552+07:00] DudeGenuine\PHP\MVC\Service\SessionService.INFO: Session ID: 64ccbf9a22a54 [] []
[2023-08-04T16:27:49.786794+07:00] DudeGenuine\PHP\MVC\Service\SessionService.INFO: Session ID: 64ccbf9a22a54 [] []
[2023-08-04T16:27:55.693204+07:00] DudeGenuine\PHP\MVC\Service\SessionService.INFO: Session ID: 64ccbf9a22a54 [] []
[2023-08-04T16:27:55.813911+07:00] DudeGenuine\PHP\MVC\Service\SessionService.INFO: Session ID: 64ccc49bbdb98 [] []
[2023-08-04T16:27:55.824189+07:00] DudeGenuine\PHP\MVC\Service\SessionService.INFO: User ID: utifmd [] []
[2023-08-04T16:27:57.489298+07:00] DudeGenuine\PHP\MVC\Service\SessionService.INFO: Session ID: 64ccc49bbdb98 [] []
[2023-08-04T16:27:57.499951+07:00] DudeGenuine\PHP\MVC\Service\SessionService.INFO: User ID: utifmd [] []
[2023-08-04T16:28:09.652729+07:00] DudeGenuine\PHP\MVC\Service\SessionService.INFO: Session ID: 64ccc49bbdb98 [] []
[2023-08-04T16:28:09.661851+07:00] DudeGenuine\PHP\MVC\Service\SessionService.INFO: User ID: utifmd [] []
[2023-08-04T16:28:09.662207+07:00] DudeGenuine\PHP\MVC\Service\SessionService.INFO: Session ID: 64ccc49bbdb98 [] []
[2023-08-04T16:28:09.674041+07:00] DudeGenuine\PHP\MVC\Service\SessionService.INFO: User ID: utifmd [] []
[2023-08-04T16:28:18.342789+07:00] DudeGenuine\PHP\MVC\Service\SessionService.INFO: Session ID: 64ccc49bbdb98 [] []
[2023-08-04T16:28:18.353367+07:00] DudeGenuine\PHP\MVC\Service\SessionService.INFO: User ID: utifmd [] []
[2023-08-04T16:28:18.353720+07:00] DudeGenuine\PHP\MVC\Service\SessionService.INFO: Session ID: 64ccc49bbdb98 [] []
[2023-08-04T16:28:18.362014+07:00] DudeGenuine\PHP\MVC\Service\SessionService.INFO: User ID: utifmd [] []
[2023-08-04T16:28:18.480832+07:00] DudeGenuine\PHP\MVC\Service\SessionService.INFO: Session ID: 64ccc49bbdb98 [] []
[2023-08-04T16:28:18.489565+07:00] DudeGenuine\PHP\MVC\Service\SessionService.INFO: User ID: utifmd [] []
[2023-08-04T16:28:18.489876+07:00] DudeGenuine\PHP\MVC\Service\SessionService.INFO: Session ID: 64ccc49bbdb98 [] []
[2023-08-04T16:28:18.495675+07:00] DudeGenuine\PHP\MVC\Service\SessionService.INFO: User ID: utifmd [] []
[2023-08-04T16:28:29.673535+07:00] DudeGenuine\PHP\MVC\Service\SessionService.INFO: Session ID: 64ccc49bbdb98 [] []
[2023-08-04T16:28:29.683007+07:00] DudeGenuine\PHP\MVC\Service\SessionService.INFO: User ID: utifmd [] []
[2023-08-04T16:28:29.683288+07:00] DudeGenuine\PHP\MVC\Service\SessionService.INFO: Session ID: 64ccc49bbdb98 [] []
[2023-08-04T16:28:29.689851+07:00] DudeGenuine\PHP\MVC\Service\SessionService.INFO: User ID: utifmd [] []
[2023-08-04T16:28:42.863606+07:00] DudeGenuine\PHP\MVC\Service\SessionService.INFO: Session ID: 64ccc49bbdb98 [] []
[2023-08-04T16:28:42.874782+07:00] DudeGenuine\PHP\MVC\Service\SessionService.INFO: User ID: utifmd [] []
[2023-08-04T16:29:41.237173+07:00] DudeGenuine\PHP\MVC\Service\SessionService.INFO: Session ID: 64ccc49bbdb98 [] []
[2023-08-04T16:29:41.282054+07:00] DudeGenuine\PHP\MVC\Service\SessionService.INFO: Session ID: 64ccc49bbdb98 [] []
[2023-08-04T16:29:45.640449+07:00] DudeGenuine\PHP\MVC\Service\SessionService.INFO: Session ID: 64ccc49bbdb98 [] []
[2023-08-04T16:29:49.321353+07:00] DudeGenuine\PHP\MVC\Service\SessionService.INFO: Session ID: 64ccc49bbdb98 [] []
[2023-08-04T16:29:49.445410+07:00] DudeGenuine\PHP\MVC\Service\SessionService.INFO: Session ID: 64ccc50d63d27 [] []
[2023-08-04T16:29:49.454075+07:00] DudeGenuine\PHP\MVC\Service\SessionService.INFO: User ID: utifmd [] []
[2023-08-04T16:29:51.305537+07:00] DudeGenuine\PHP\MVC\Service\SessionService.INFO: Session ID: 64ccc50d63d27 [] []
[2023-08-04T16:29:51.318593+07:00] DudeGenuine\PHP\MVC\Service\SessionService.INFO: User ID: utifmd [] []
[2023-08-04T16:29:51.318863+07:00] DudeGenuine\PHP\MVC\Service\SessionService.INFO: Session ID: 64ccc50d63d27 [] []
[2023-08-04T16:29:51.325091+07:00] DudeGenuine\PHP\MVC\Service\SessionService.INFO: User ID: utifmd [] []
[2023-08-04T16:30:06.683075+07:00] DudeGenuine\PHP\MVC\Service\SessionService.INFO: Session ID: 64ccc50d63d27 [] []
[2023-08-04T16:30:06.694956+07:00] DudeGenuine\PHP\MVC\Service\SessionService.INFO: User ID: utifmd [] []
[2023-08-04T16:30:06.695792+07:00] DudeGenuine\PHP\MVC\Service\SessionService.INFO: Session ID: 64ccc50d63d27 [] []
[2023-08-04T16:30:06.702926+07:00] DudeGenuine\PHP\MVC\Service\SessionService.INFO: User ID: utifmd [] []
[2023-08-04T16:30:06.822138+07:00] DudeGenuine\PHP\MVC\Service\SessionService.INFO: Session ID: 64ccc50d63d27 [] []
[2023-08-04T16:30:06.832480+07:00] DudeGenuine\PHP\MVC\Service\SessionService.INFO: User ID: utifmd [] []
[2023-08-04T16:30:06.832757+07:00] DudeGenuine\PHP\MVC\Service\SessionService.INFO: Session ID: 64ccc50d63d27 [] []
[2023-08-04T16:30:06.840302+07:00] DudeGenuine\PHP\MVC\Service\SessionService.INFO: User ID: utifmd [] []
[2023-08-04T16:30:56.337364+07:00] DudeGenuine\PHP\MVC\Service\SessionService.INFO: Session ID: 64ccc50d63d27 [] []
[2023-08-04T16:30:56.356110+07:00] DudeGenuine\PHP\MVC\Service\SessionService.INFO: User ID: utifmd [] []
[2023-08-04T16:30:58.311281+07:00] DudeGenuine\PHP\MVC\Service\SessionService.INFO: Session ID: 64ccc50d63d27 [] []
[2023-08-04T16:30:58.319163+07:00] DudeGenuine\PHP\MVC\Service\SessionService.INFO: User ID: utifmd [] []
[2023-08-04T16:31:01.370034+07:00] DudeGenuine\PHP\MVC\Service\SessionService.INFO: Session ID: 64ccc50d63d27 [] []
[2023-08-04T16:31:01.382947+07:00] DudeGenuine\PHP\MVC\Service\SessionService.INFO: User ID: utifmd [] []
[2023-08-04T16:31:01.423040+07:00] DudeGenuine\PHP\MVC\Service\SessionService.INFO: Session ID:  [] []
[2023-08-04T16:31:03.025807+07:00] DudeGenuine\PHP\MVC\Service\SessionService.INFO: Session ID:  [] []
[2023-08-04T16:31:04.236544+07:00] DudeGenuine\PHP\MVC\Service\SessionService.INFO: Session ID:  [] []
[2023-08-04T16:31:07.508168+07:00] DudeGenuine\PHP\MVC\Service\SessionService.INFO: Session ID:  [] []
[2023-08-04T16:31:07.625080+07:00] DudeGenuine\PHP\MVC\Service\SessionService.INFO: Session ID: 64ccc55b90474 [] []
[2023-08-04T16:31:07.634258+07:00] DudeGenuine\PHP\MVC\Service\SessionService.INFO: User ID: utifmd [] []
[2023-08-04T16:33:58.522471+07:00] DudeGenuine\PHP\MVC\Service\SessionService.INFO: Session ID: 64ccc55b90474 [] []
[2023-08-04T16:34:01.199986+07:00] DudeGenuine\PHP\MVC\Service\SessionService.INFO: Session ID: 64ccc55b90474 [] []
[2023-08-04T16:34:05.096901+07:00] DudeGenuine\PHP\MVC\Service\SessionService.INFO: Session ID: 64ccc55b90474 [] []
[2023-08-04T16:34:47.309706+07:00] DudeGenuine\PHP\MVC\Service\SessionService.INFO: Session ID: 64ccc55b90474 [] []
[2023-08-04T16:34:50.631237+07:00] DudeGenuine\PHP\MVC\Service\SessionService.INFO: Session ID: 64ccc55b90474 [] []
[2023-08-04T16:34:54.579771+07:00] DudeGenuine\PHP\MVC\Service\SessionService.INFO: Session ID: 64ccc55b90474 [] []
[2023-08-04T16:34:57.185562+07:00] DudeGenuine\PHP\MVC\Service\SessionService.INFO: Session ID: 64ccc55b90474 [] []
[2023-08-04T16:34:59.753272+07:00] DudeGenuine\PHP\MVC\Service\SessionService.INFO: Session ID: 64ccc55b90474 [] []
[2023-08-04T16:35:10.518899+07:00] DudeGenuine\PHP\MVC\Service\SessionService.INFO: Session ID: 64ccc55b90474 [] []
[2023-08-04T16:35:10.664509+07:00] DudeGenuine\PHP\MVC\Service\SessionService.INFO: Session ID: 64ccc55b90474 [] []
[2023-08-04T16:35:14.382951+07:00] DudeGenuine\PHP\MVC\Service\SessionService.INFO: Session ID: 64ccc55b90474 [] []
[2023-08-04T16:35:14.505656+07:00] DudeGenuine\PHP\MVC\Service\SessionService.INFO: Session ID: 64ccc65272021 [] []
[2023-08-04T16:35:14.516935+07:00] DudeGenuine\PHP\MVC\Service\SessionService.INFO: User ID: utifmd [] []
[2023-08-04T16:35:16.062632+07:00] DudeGenuine\PHP\MVC\Service\SessionService.INFO: Session ID: 64ccc65272021 [] []
[2023-08-04T16:35:16.073404+07:00] DudeGenuine\PHP\MVC\Service\SessionService.INFO: User ID: utifmd [] []
[2023-08-04T16:35:17.044017+07:00] DudeGenuine\PHP\MVC\Service\SessionService.INFO: Session ID: 64ccc65272021 [] []
[2023-08-04T16:35:17.052678+07:00] DudeGenuine\PHP\MVC\Service\SessionService.INFO: User ID: utifmd [] []
[2023-08-04T16:35:17.053000+07:00] DudeGenuine\PHP\MVC\Service\SessionService.INFO: Session ID: 64ccc65272021 [] []
[2023-08-04T16:35:17.063771+07:00] DudeGenuine\PHP\MVC\Service\SessionService.INFO: User ID: utifmd [] []
[2023-08-04T16:35:24.076260+07:00] DudeGenuine\PHP\MVC\Service\SessionService.INFO: Session ID: 64ccc65272021 [] []
[2023-08-04T16:35:24.084624+07:00] DudeGenuine\PHP\MVC\Service\SessionService.INFO: User ID: utifmd [] []
[2023-08-04T16:35:24.084861+07:00] DudeGenuine\PHP\MVC\Service\SessionService.INFO: Session ID: 64ccc65272021 [] []
[2023-08-04T16:35:24.092263+07:00] DudeGenuine\PHP\MVC\Service\SessionService.INFO: User ID: utifmd [] []
[2023-08-04T16:35:24.208703+07:00] DudeGenuine\PHP\MVC\Service\SessionService.INFO: Session ID: 64ccc65272021 [] []
[2023-08-04T16:35:24.217651+07:00] DudeGenuine\PHP\MVC\Service\SessionService.INFO: User ID: utifmd [] []
[2023-08-04T16:35:31.982989+07:00] DudeGenuine\PHP\MVC\Service\SessionService.INFO: Session ID: 64ccc65272021 [] []
[2023-08-04T16:35:31.993396+07:00] DudeGenuine\PHP\MVC\Service\SessionService.INFO: User ID: utifmd [] []
[2023-08-04T16:35:33.466334+07:00] DudeGenuine\PHP\MVC\Service\SessionService.INFO: Session ID: 64ccc65272021 [] []
[2023-08-04T16:35:33.479837+07:00] DudeGenuine\PHP\MVC\Service\SessionService.INFO: User ID: utifmd [] []
[2023-08-04T16:35:33.521784+07:00] DudeGenuine\PHP\MVC\Service\SessionService.INFO: Session ID:  [] []
[2023-08-04T16:35:34.468616+07:00] DudeGenuine\PHP\MVC\Service\SessionService.INFO: Session ID:  [] []
[2023-08-04T16:35:40.119930+07:00] DudeGenuine\PHP\MVC\Service\SessionService.INFO: Session ID:  [] []
[2023-08-04T16:35:40.243667+07:00] DudeGenuine\PHP\MVC\Service\SessionService.INFO: Session ID: 64ccc66c327bc [] []
[2023-08-04T16:35:40.253471+07:00] DudeGenuine\PHP\MVC\Service\SessionService.INFO: User ID: utifmd [] []
[2023-08-04T16:36:39.855503+07:00] DudeGenuine\PHP\MVC\Service\SessionService.INFO: Session ID: 64ccc66c327bc [] []
[2023-08-04T16:36:39.869118+07:00] DudeGenuine\PHP\MVC\Service\SessionService.INFO: User ID: utifmd [] []
[2023-08-04T16:36:44.200027+07:00] DudeGenuine\PHP\MVC\Service\SessionService.INFO: Session ID: 64ccc66c327bc [] []
[2023-08-04T16:36:44.214760+07:00] DudeGenuine\PHP\MVC\Service\SessionService.INFO: User ID: utifmd [] []
[2023-08-04T16:36:44.215047+07:00] DudeGenuine\PHP\MVC\Service\SessionService.INFO: Session ID: 64ccc66c327bc [] []
[2023-08-04T16:36:44.226601+07:00] DudeGenuine\PHP\MVC\Service\SessionService.INFO: User ID: utifmd [] []
[2023-08-04T16:38:30.998919+07:00] DudeGenuine\PHP\MVC\Service\SessionService.INFO: Session ID: 64ccc66c327bc [] []
[2023-08-04T16:38:33.224723+07:00] DudeGenuine\PHP\MVC\Service\SessionService.INFO: Session ID: 64ccc66c327bc [] []
[2023-08-04T16:38:36.081436+07:00] DudeGenuine\PHP\MVC\Service\SessionService.INFO: Session ID: 64ccc66c327bc [] []
[2023-08-05T10:36:16.546162+07:00] DudeGenuine\PHP\MVC\Service\SessionService.INFO: Session ID:  [] []
[2023-08-05T10:36:19.004344+07:00] DudeGenuine\PHP\MVC\Service\SessionService.INFO: Session ID:  [] []
[2023-08-05T10:36:24.112332+07:00] DudeGenuine\PHP\MVC\Service\SessionService.INFO: Session ID:  [] []
[2023-08-05T10:36:24.259748+07:00] DudeGenuine\PHP\MVC\Service\SessionService.INFO: Session ID: 64cdc3b834de5 [] []
[2023-08-05T10:36:24.270019+07:00] DudeGenuine\PHP\MVC\Service\SessionService.INFO: User ID: utifmd [] []
[2023-08-05T10:36:26.380591+07:00] DudeGenuine\PHP\MVC\Service\SessionService.INFO: Session ID: 64cdc3b834de5 [] []
[2023-08-05T10:36:26.393384+07:00] DudeGenuine\PHP\MVC\Service\SessionService.INFO: User ID: utifmd [] []
[2023-08-05T10:36:26.445271+07:00] DudeGenuine\PHP\MVC\Service\SessionService.INFO: Session ID:  [] []
[2023-08-05T10:36:27.452599+07:00] DudeGenuine\PHP\MVC\Service\SessionService.INFO: Session ID:  [] []
[2023-08-05T10:36:31.201850+07:00] DudeGenuine\PHP\MVC\Service\SessionService.INFO: Session ID:  [] []
[2023-08-05T10:36:35.096677+07:00] DudeGenuine\PHP\MVC\Service\SessionService.INFO: Session ID:  [] []
[2023-08-05T10:36:35.222853+07:00] DudeGenuine\PHP\MVC\Service\SessionService.INFO: Session ID: 64cdc3c32d3ab [] []
[2023-08-05T10:36:35.233241+07:00] DudeGenuine\PHP\MVC\Service\SessionService.INFO: User ID: utifmd [] []
[2023-08-05T10:47:24.550578+07:00] DudeGenuine\PHP\MVC\Service\SessionService.INFO: Session ID: 64cdc3c32d3ab [] []
[2023-08-05T10:47:27.517115+07:00] DudeGenuine\PHP\MVC\Service\SessionService.INFO: Session ID: 64cdc3c32d3ab [] []
[2023-08-05T10:47:32.007417+07:00] DudeGenuine\PHP\MVC\Service\SessionService.INFO: Session ID: 64cdc3c32d3ab [] []
[2023-08-05T10:47:32.123202+07:00] DudeGenuine\PHP\MVC\Service\SessionService.INFO: Session ID: 64cdc65416019 [] []
[2023-08-05T10:47:32.132293+07:00] DudeGenuine\PHP\MVC\Service\SessionService.INFO: User ID: utifmd [] []
[2023-08-05T10:47:34.629415+07:00] DudeGenuine\PHP\MVC\Service\SessionService.INFO: Session ID: 64cdc65416019 [] []
[2023-08-05T10:47:34.637390+07:00] DudeGenuine\PHP\MVC\Service\SessionService.INFO: User ID: utifmd [] []
[2023-08-05T10:47:34.637775+07:00] DudeGenuine\PHP\MVC\Service\SessionService.INFO: Session ID: 64cdc65416019 [] []
[2023-08-05T10:47:34.647301+07:00] DudeGenuine\PHP\MVC\Service\SessionService.INFO: User ID: utifmd [] []
[2023-08-05T10:47:39.536674+07:00] DudeGenuine\PHP\MVC\Service\SessionService.INFO: Session ID: 64cdc65416019 [] []
[2023-08-05T10:47:39.550263+07:00] DudeGenuine\PHP\MVC\Service\SessionService.INFO: User ID: utifmd [] []
[2023-08-05T10:47:39.550586+07:00] DudeGenuine\PHP\MVC\Service\SessionService.INFO: Session ID: 64cdc65416019 [] []
[2023-08-05T10:47:39.562690+07:00] DudeGenuine\PHP\MVC\Service\SessionService.INFO: User ID: utifmd [] []
[2023-08-05T10:47:39.689251+07:00] DudeGenuine\PHP\MVC\Service\SessionService.INFO: Session ID: 64cdc65416019 [] []
[2023-08-05T10:47:39.700847+07:00] DudeGenuine\PHP\MVC\Service\SessionService.INFO: User ID: utifmd [] []
[2023-08-05T10:47:43.132030+07:00] DudeGenuine\PHP\MVC\Service\SessionService.INFO: Session ID: 64cdc65416019 [] []
[2023-08-05T10:47:43.143049+07:00] DudeGenuine\PHP\MVC\Service\SessionService.INFO: User ID: utifmd [] []
[2023-08-05T10:47:43.182359+07:00] DudeGenuine\PHP\MVC\Service\SessionService.INFO: Session ID:  [] []
[2023-08-05T10:47:44.223641+07:00] DudeGenuine\PHP\MVC\Service\SessionService.INFO: Session ID:  [] []
[2023-08-05T10:47:47.964581+07:00] DudeGenuine\PHP\MVC\Service\SessionService.INFO: Session ID:  [] []
[2023-08-05T10:47:50.335715+07:00] DudeGenuine\PHP\MVC\Service\SessionService.INFO: Session ID:  [] []
[2023-08-05T10:47:50.469289+07:00] DudeGenuine\PHP\MVC\Service\SessionService.INFO: Session ID: 64cdc66669234 [] []
[2023-08-05T10:47:50.484066+07:00] DudeGenuine\PHP\MVC\Service\SessionService.INFO: User ID: utifmd [] []
[2023-08-05T10:47:52.395717+07:00] DudeGenuine\PHP\MVC\Service\SessionService.INFO: Session ID: 64cdc66669234 [] []
[2023-08-05T10:47:52.404428+07:00] DudeGenuine\PHP\MVC\Service\SessionService.INFO: User ID: utifmd [] []
[2023-08-05T10:47:52.404752+07:00] DudeGenuine\PHP\MVC\Service\SessionService.INFO: Session ID: 64cdc66669234 [] []
[2023-08-05T10:47:52.413952+07:00] DudeGenuine\PHP\MVC\Service\SessionService.INFO: User ID: utifmd [] []
[2023-08-05T10:48:16.453201+07:00] DudeGenuine\PHP\MVC\Service\SessionService.INFO: Session ID: 64cdc66669234 [] []
[2023-08-05T10:48:16.469625+07:00] DudeGenuine\PHP\MVC\Service\SessionService.INFO: User ID: utifmd [] []
[2023-08-05T10:48:16.470267+07:00] DudeGenuine\PHP\MVC\Service\SessionService.INFO: Session ID: 64cdc66669234 [] []
[2023-08-05T10:48:16.482995+07:00] DudeGenuine\PHP\MVC\Service\SessionService.INFO: User ID: utifmd [] []
[2023-08-05T10:48:26.381615+07:00] DudeGenuine\PHP\MVC\Service\SessionService.INFO: Session ID: 64cdc66669234 [] []
[2023-08-05T10:48:26.393713+07:00] DudeGenuine\PHP\MVC\Service\SessionService.INFO: User ID: utifmd [] []
[2023-08-05T10:48:26.393996+07:00] DudeGenuine\PHP\MVC\Service\SessionService.INFO: Session ID: 64cdc66669234 [] []
[2023-08-05T10:48:26.399788+07:00] DudeGenuine\PHP\MVC\Service\SessionService.INFO: User ID: utifmd [] []
[2023-08-05T11:09:01.958420+07:00] DudeGenuine\PHP\MVC\Service\SessionService.INFO: Session ID: 64cdc66669234 [] []
[2023-08-05T11:09:01.997158+07:00] DudeGenuine\PHP\MVC\Service\SessionService.INFO: Session ID: 64cdc66669234 [] []
[2023-08-05T11:09:04.211775+07:00] DudeGenuine\PHP\MVC\Service\SessionService.INFO: Session ID: 64cdc66669234 [] []
[2023-08-05T11:09:05.018103+07:00] DudeGenuine\PHP\MVC\Service\SessionService.INFO: Session ID: 64cdc66669234 [] []
[2023-08-05T11:10:54.773264+07:00] DudeGenuine\PHP\MVC\Service\SessionService.INFO: Session ID: 64cdc66669234 [] []
[2023-08-05T11:10:59.483950+07:00] DudeGenuine\PHP\MVC\Service\SessionService.INFO: Session ID: 64cdc66669234 [] []
[2023-08-05T11:10:59.618621+07:00] DudeGenuine\PHP\MVC\Service\SessionService.INFO: Session ID: 64cdcbd38d34b [] []
[2023-08-05T11:10:59.629835+07:00] DudeGenuine\PHP\MVC\Service\SessionService.INFO: User ID: utifmd [] []
[2023-08-05T11:11:03.467890+07:00] DudeGenuine\PHP\MVC\Service\SessionService.INFO: Session ID: 64cdcbd38d34b [] []
[2023-08-05T11:11:03.484865+07:00] DudeGenuine\PHP\MVC\Service\SessionService.INFO: User ID: utifmd [] []
[2023-08-05T11:11:03.539034+07:00] DudeGenuine\PHP\MVC\Service\SessionService.INFO: Session ID:  [] []
[2023-08-05T11:11:05.066262+07:00] DudeGenuine\PHP\MVC\Service\SessionService.INFO: Session ID:  [] []
[2023-08-05T11:11:10.898746+07:00] DudeGenuine\PHP\MVC\Service\SessionService.INFO: Session ID:  [] []
[2023-08-05T11:11:14.383973+07:00] DudeGenuine\PHP\MVC\Service\SessionService.INFO: Session ID:  [] []
[2023-08-05T11:11:14.529407+07:00] DudeGenuine\PHP\MVC\Service\SessionService.INFO: Session ID: 64cdcbe276146 [] []
[2023-08-05T11:11:14.540852+07:00] DudeGenuine\PHP\MVC\Service\SessionService.INFO: User ID: utifmd [] []
[2023-08-05T11:11:15.785603+07:00] DudeGenuine\PHP\MVC\Service\SessionService.INFO: Session ID: 64cdcbe276146 [] []
[2023-08-05T11:11:15.798858+07:00] DudeGenuine\PHP\MVC\Service\SessionService.INFO: User ID: utifmd [] []
[2023-08-05T11:11:15.799730+07:00] DudeGenuine\PHP\MVC\Service\SessionService.INFO: Session ID: 64cdcbe276146 [] []
[2023-08-05T11:11:15.808039+07:00] DudeGenuine\PHP\MVC\Service\SessionService.INFO: User ID: utifmd [] []
[2023-08-05T11:11:19.683900+07:00] DudeGenuine\PHP\MVC\Service\SessionService.INFO: Session ID: 64cdcbe276146 [] []
[2023-08-05T11:11:19.692087+07:00] DudeGenuine\PHP\MVC\Service\SessionService.INFO: User ID: utifmd [] []
[2023-08-05T11:11:19.692616+07:00] DudeGenuine\PHP\MVC\Service\SessionService.INFO: Session ID: 64cdcbe276146 [] []
[2023-08-05T11:11:19.703125+07:00] DudeGenuine\PHP\MVC\Service\SessionService.INFO: User ID: utifmd [] []
[2023-08-05T11:11:19.834883+07:00] DudeGenuine\PHP\MVC\Service\SessionService.INFO: Session ID: 64cdcbe276146 [] []
[2023-08-05T11:11:19.845441+07:00] DudeGenuine\PHP\MVC\Service\SessionService.INFO: User ID: utifmd [] []
[2023-08-05T11:11:21.685593+07:00] DudeGenuine\PHP\MVC\Service\SessionService.INFO: Session ID: 64cdcbe276146 [] []
[2023-08-05T11:11:21.700055+07:00] DudeGenuine\PHP\MVC\Service\SessionService.INFO: User ID: utifmd [] []
[2023-08-05T11:11:21.746854+07:00] DudeGenuine\PHP\MVC\Service\SessionService.INFO: Session ID:  [] []
[2023-08-05T11:11:22.834442+07:00] DudeGenuine\PHP\MVC\Service\SessionService.INFO: Session ID:  [] []
[2023-08-05T11:11:26.479286+07:00] DudeGenuine\PHP\MVC\Service\SessionService.INFO: Session ID:  [] []
[2023-08-05T11:11:26.603600+07:00] DudeGenuine\PHP\MVC\Service\SessionService.INFO: Session ID: 64cdcbee8b5cf [] []
[2023-08-05T11:11:26.613716+07:00] DudeGenuine\PHP\MVC\Service\SessionService.INFO: User ID: utifmd [] []
[2023-08-05T11:11:27.873239+07:00] DudeGenuine\PHP\MVC\Service\SessionService.INFO: Session ID: 64cdcbee8b5cf [] []
[2023-08-05T11:11:27.887619+07:00] DudeGenuine\PHP\MVC\Service\SessionService.INFO: User ID: utifmd [] []
[2023-08-05T11:11:27.887902+07:00] DudeGenuine\PHP\MVC\Service\SessionService.INFO: Session ID: 64cdcbee8b5cf [] []
[2023-08-05T11:11:27.899776+07:00] DudeGenuine\PHP\MVC\Service\SessionService.INFO: User ID: utifmd [] []
[2023-08-05T11:11:35.514295+07:00] DudeGenuine\PHP\MVC\Service\SessionService.INFO: Session ID: 64cdcbee8b5cf [] []
[2023-08-05T11:11:35.525722+07:00] DudeGenuine\PHP\MVC\Service\SessionService.INFO: User ID: utifmd [] []
[2023-08-05T11:11:35.526807+07:00] DudeGenuine\PHP\MVC\Service\SessionService.INFO: Session ID: 64cdcbee8b5cf [] []
[2023-08-05T11:11:35.534939+07:00] DudeGenuine\PHP\MVC\Service\SessionService.INFO: User ID: utifmd [] []
[2023-08-05T11:12:34.580178+07:00] DudeGenuine\PHP\MVC\Service\SessionService.INFO: Session ID: 64cdcbee8b5cf [] []
[2023-08-05T11:12:34.591683+07:00] DudeGenuine\PHP\MVC\Service\SessionService.INFO: User ID: utifmd [] []
[2023-08-05T11:12:34.592980+07:00] DudeGenuine\PHP\MVC\Service\SessionService.INFO: Session ID: 64cdcbee8b5cf [] []
[2023-08-05T11:12:34.599580+07:00] DudeGenuine\PHP\MVC\Service\SessionService.INFO: User ID: utifmd [] []
[2023-08-05T11:12:37.215411+07:00] DudeGenuine\PHP\MVC\Service\SessionService.INFO: Session ID: 64cdcbee8b5cf [] []
[2023-08-05T11:12:37.227133+07:00] DudeGenuine\PHP\MVC\Service\SessionService.INFO: User ID: utifmd [] []
[2023-08-05T11:12:37.227715+07:00] DudeGenuine\PHP\MVC\Service\SessionService.INFO: Session ID: 64cdcbee8b5cf [] []
[2023-08-05T11:12:37.234015+07:00] DudeGenuine\PHP\MVC\Service\SessionService.INFO: User ID: utifmd [] []
[2023-08-05T11:12:38.187999+07:00] DudeGenuine\PHP\MVC\Service\SessionService.INFO: Session ID: 64cdcbee8b5cf [] []
[2023-08-05T11:12:38.197896+07:00] DudeGenuine\PHP\MVC\Service\SessionService.INFO: User ID: utifmd [] []
[2023-08-05T11:12:38.198233+07:00] DudeGenuine\PHP\MVC\Service\SessionService.INFO: Session ID: 64cdcbee8b5cf [] []
[2023-08-05T11:12:38.205705+07:00] DudeGenuine\PHP\MVC\Service\SessionService.INFO: User ID: utifmd [] []
[2023-08-05T11:12:50.876171+07:00] DudeGenuine\PHP\MVC\Service\SessionService.INFO: Session ID: 64cdcbee8b5cf [] []
[2023-08-05T11:12:50.884610+07:00] DudeGenuine\PHP\MVC\Service\SessionService.INFO: User ID: utifmd [] []
[2023-08-05T11:12:50.884884+07:00] DudeGenuine\PHP\MVC\Service\SessionService.INFO: Session ID: 64cdcbee8b5cf [] []
[2023-08-05T11:12:50.894180+07:00] DudeGenuine\PHP\MVC\Service\SessionService.INFO: User ID: utifmd [] []
[2023-08-05T11:13:47.933623+07:00] DudeGenuine\PHP\MVC\Service\SessionService.INFO: Session ID: 64cdcbee8b5cf [] []
[2023-08-05T11:13:47.945492+07:00] DudeGenuine\PHP\MVC\Service\SessionService.INFO: User ID: utifmd [] []
[2023-08-05T11:13:47.945906+07:00] DudeGenuine\PHP\MVC\Service\SessionService.INFO: Session ID: 64cdcbee8b5cf [] []
[2023-08-05T11:13:47.954279+07:00] DudeGenuine\PHP\MVC\Service\SessionService.INFO: User ID: utifmd [] []
[2023-08-05T11:13:48.142062+07:00] DudeGenuine\PHP\MVC\Service\SessionService.INFO: Session ID: 64cdcbee8b5cf [] []
[2023-08-05T11:13:48.151498+07:00] DudeGenuine\PHP\MVC\Service\SessionService.INFO: User ID: utifmd [] []
[2023-08-05T11:13:50.156863+07:00] DudeGenuine\PHP\MVC\Service\SessionService.INFO: Session ID: 64cdcbee8b5cf [] []
[2023-08-05T11:13:50.164668+07:00] DudeGenuine\PHP\MVC\Service\SessionService.INFO: User ID: utifmd [] []
[2023-08-05T11:13:50.200245+07:00] DudeGenuine\PHP\MVC\Service\SessionService.INFO: Session ID:  [] []
[2023-08-05T11:13:51.258610+07:00] DudeGenuine\PHP\MVC\Service\SessionService.INFO: Session ID:  [] []
[2023-08-05T11:13:55.279244+07:00] DudeGenuine\PHP\MVC\Service\SessionService.INFO: Session ID:  [] []
[2023-08-05T11:13:58.560520+07:00] DudeGenuine\PHP\MVC\Service\SessionService.INFO: Session ID:  [] []
[2023-08-05T11:13:58.697649+07:00] DudeGenuine\PHP\MVC\Service\SessionService.INFO: Session ID: 64cdcc86a14ea [] []
[2023-08-05T11:13:58.708359+07:00] DudeGenuine\PHP\MVC\Service\SessionService.INFO: User ID: utifmd [] []
[2023-08-05T11:14:04.309969+07:00] DudeGenuine\PHP\MVC\Service\SessionService.INFO: Session ID: 64cdcc86a14ea [] []
[2023-08-05T11:14:04.320899+07:00] DudeGenuine\PHP\MVC\Service\SessionService.INFO: User ID: utifmd [] []
[2023-08-05T11:14:07.339022+07:00] DudeGenuine\PHP\MVC\Service\SessionService.INFO: Session ID: 64cdcc86a14ea [] []
[2023-08-05T11:14:07.347237+07:00] DudeGenuine\PHP\MVC\Service\SessionService.INFO: User ID: utifmd [] []
[2023-08-05T11:14:07.347590+07:00] DudeGenuine\PHP\MVC\Service\SessionService.INFO: Session ID: 64cdcc86a14ea [] []
[2023-08-05T11:14:07.357413+07:00] DudeGenuine\PHP\MVC\Service\SessionService.INFO: User ID: utifmd [] []
[2023-08-05T11:14:13.155084+07:00] DudeGenuine\PHP\MVC\Service\SessionService.INFO: Session ID: 64cdcc86a14ea [] []
[2023-08-05T11:14:13.166134+07:00] DudeGenuine\PHP\MVC\Service\SessionService.INFO: User ID: utifmd [] []
[2023-08-05T11:14:13.167093+07:00] DudeGenuine\PHP\MVC\Service\SessionService.INFO: Session ID: 64cdcc86a14ea [] []
[2023-08-05T11:14:13.178810+07:00] DudeGenuine\PHP\MVC\Service\SessionService.INFO: User ID: utifmd [] []
[2023-08-05T11:14:13.313330+07:00] DudeGenuine\PHP\MVC\Service\SessionService.INFO: Session ID: 64cdcc86a14ea [] []
[2023-08-05T11:14:13.324402+07:00] DudeGenuine\PHP\MVC\Service\SessionService.INFO: User ID: utifmd [] []
[2023-08-05T11:14:14.660791+07:00] DudeGenuine\PHP\MVC\Service\SessionService.INFO: Session ID: 64cdcc86a14ea [] []
[2023-08-05T11:14:14.672601+07:00] DudeGenuine\PHP\MVC\Service\SessionService.INFO: User ID: utifmd [] []
[2023-08-05T11:14:16.028784+07:00] DudeGenuine\PHP\MVC\Service\SessionService.INFO: Session ID: 64cdcc86a14ea [] []
[2023-08-05T11:14:16.041805+07:00] DudeGenuine\PHP\MVC\Service\SessionService.INFO: User ID: utifmd [] []
[2023-08-05T11:14:16.088286+07:00] DudeGenuine\PHP\MVC\Service\SessionService.INFO: Session ID:  [] []
[2023-08-05T11:14:17.437286+07:00] DudeGenuine\PHP\MVC\Service\SessionService.INFO: Session ID:  [] []
